[0.066s] DEBUG:colcon:Command line arguments: ['/usr/bin/colcon', 'build', '--packages-select', 'dstar_lite_planner']
[0.066s] DEBUG:colcon:Parsed command line arguments: Namespace(log_base=None, log_level=None, verb_name='build', build_base='build', install_base='install', merge_install=False, symlink_install=False, test_result_base=None, continue_on_error=False, executor='parallel', parallel_workers=8, event_handlers=None, ignore_user_meta=False, metas=['./colcon.meta'], base_paths=['.'], packages_ignore=None, packages_ignore_regex=None, paths=None, packages_up_to=None, packages_up_to_regex=None, packages_above=None, packages_above_and_dependencies=None, packages_above_depth=None, packages_select_by_dep=None, packages_skip_by_dep=None, packages_skip_up_to=None, packages_select_build_failed=False, packages_skip_build_finished=False, packages_select_test_failures=False, packages_skip_test_passed=False, packages_select=['dstar_lite_planner'], packages_skip=None, packages_select_regex=None, packages_skip_regex=None, packages_start=None, packages_end=None, allow_overriding=[], cmake_args=None, cmake_target=None, cmake_target_skip_unavailable=False, cmake_clean_cache=False, cmake_clean_first=False, cmake_force_configure=False, ament_cmake_args=None, catkin_cmake_args=None, catkin_skip_building_tests=False, verb_parser=<colcon_defaults.argument_parser.defaults.DefaultArgumentsDecorator object at 0x78ac8c6eb430>, verb_extension=<colcon_core.verb.build.BuildVerb object at 0x78ac8c6ead70>, main=<bound method BuildVerb.main of <colcon_core.verb.build.BuildVerb object at 0x78ac8c6ead70>>)
[0.091s] Level 1:colcon.colcon_core.package_discovery:discover_packages(colcon_meta) check parameters
[0.091s] Level 1:colcon.colcon_core.package_discovery:discover_packages(recursive) check parameters
[0.091s] Level 1:colcon.colcon_core.package_discovery:discover_packages(ignore) check parameters
[0.091s] Level 1:colcon.colcon_core.package_discovery:discover_packages(path) check parameters
[0.091s] Level 1:colcon.colcon_core.package_discovery:discover_packages(colcon_meta) discover
[0.091s] Level 1:colcon.colcon_core.package_discovery:discover_packages(recursive) discover
[0.091s] INFO:colcon.colcon_core.package_discovery:Crawling recursively for packages in '/home/hemanth/ws/src/dstar_lite_planner'
[0.091s] Level 1:colcon.colcon_core.package_identification:_identify(.) by extensions ['ignore', 'ignore_ament_install']
[0.091s] Level 1:colcon.colcon_core.package_identification:_identify(.) by extension 'ignore'
[0.091s] Level 1:colcon.colcon_core.package_identification:_identify(.) by extension 'ignore_ament_install'
[0.091s] Level 1:colcon.colcon_core.package_identification:_identify(.) by extensions ['colcon_pkg']
[0.091s] Level 1:colcon.colcon_core.package_identification:_identify(.) by extension 'colcon_pkg'
[0.091s] Level 1:colcon.colcon_core.package_identification:_identify(.) by extensions ['colcon_meta']
[0.091s] Level 1:colcon.colcon_core.package_identification:_identify(.) by extension 'colcon_meta'
[0.091s] Level 1:colcon.colcon_core.package_identification:_identify(.) by extensions ['ros']
[0.091s] Level 1:colcon.colcon_core.package_identification:_identify(.) by extension 'ros'
[0.102s] DEBUG:colcon.colcon_core.package_identification:Package '.' with type 'ros.ament_cmake' and name 'dstar_lite_planner'
[0.102s] Level 1:colcon.colcon_core.package_discovery:discover_packages(recursive) using defaults
[0.102s] Level 1:colcon.colcon_core.package_discovery:discover_packages(ignore) discover
[0.102s] Level 1:colcon.colcon_core.package_discovery:discover_packages(ignore) using defaults
[0.102s] Level 1:colcon.colcon_core.package_discovery:discover_packages(path) discover
[0.102s] Level 1:colcon.colcon_core.package_discovery:discover_packages(path) using defaults
[0.114s] Level 1:colcon.colcon_core.package_discovery:discover_packages(prefix_path) check parameters
[0.114s] Level 1:colcon.colcon_core.package_discovery:discover_packages(prefix_path) discover
[0.116s] DEBUG:colcon.colcon_installed_package_information.package_discovery:Found 27 installed packages in /home/hemanth/ws/install
[0.117s] DEBUG:colcon.colcon_installed_package_information.package_discovery:Found 429 installed packages in /opt/ros/humble
[0.118s] Level 1:colcon.colcon_core.package_discovery:discover_packages(prefix_path) using defaults
[0.150s] Level 5:colcon.colcon_core.verb:set package 'dstar_lite_planner' build argument 'cmake_args' from command line to 'None'
[0.150s] Level 5:colcon.colcon_core.verb:set package 'dstar_lite_planner' build argument 'cmake_target' from command line to 'None'
[0.150s] Level 5:colcon.colcon_core.verb:set package 'dstar_lite_planner' build argument 'cmake_target_skip_unavailable' from command line to 'False'
[0.150s] Level 5:colcon.colcon_core.verb:set package 'dstar_lite_planner' build argument 'cmake_clean_cache' from command line to 'False'
[0.150s] Level 5:colcon.colcon_core.verb:set package 'dstar_lite_planner' build argument 'cmake_clean_first' from command line to 'False'
[0.150s] Level 5:colcon.colcon_core.verb:set package 'dstar_lite_planner' build argument 'cmake_force_configure' from command line to 'False'
[0.150s] Level 5:colcon.colcon_core.verb:set package 'dstar_lite_planner' build argument 'ament_cmake_args' from command line to 'None'
[0.150s] Level 5:colcon.colcon_core.verb:set package 'dstar_lite_planner' build argument 'catkin_cmake_args' from command line to 'None'
[0.150s] Level 5:colcon.colcon_core.verb:set package 'dstar_lite_planner' build argument 'catkin_skip_building_tests' from command line to 'False'
[0.150s] DEBUG:colcon.colcon_core.verb:Building package 'dstar_lite_planner' with the following arguments: {'ament_cmake_args': None, 'build_base': '/home/hemanth/ws/src/dstar_lite_planner/build/dstar_lite_planner', 'catkin_cmake_args': None, 'catkin_skip_building_tests': False, 'cmake_args': None, 'cmake_clean_cache': False, 'cmake_clean_first': False, 'cmake_force_configure': False, 'cmake_target': None, 'cmake_target_skip_unavailable': False, 'install_base': '/home/hemanth/ws/src/dstar_lite_planner/install/dstar_lite_planner', 'merge_install': False, 'path': '/home/hemanth/ws/src/dstar_lite_planner', 'symlink_install': False, 'test_result_base': None}
[0.150s] INFO:colcon.colcon_core.executor:Executing jobs using 'parallel' executor
[0.151s] DEBUG:colcon.colcon_parallel_executor.executor.parallel:run_until_complete
[0.151s] INFO:colcon.colcon_ros.task.ament_cmake.build:Building ROS package in '/home/hemanth/ws/src/dstar_lite_planner' with build type 'ament_cmake'
[0.151s] INFO:colcon.colcon_cmake.task.cmake.build:Building CMake package in '/home/hemanth/ws/src/dstar_lite_planner'
[0.152s] INFO:colcon.colcon_core.plugin_system:Skipping extension 'colcon_core.shell.bat': Not used on non-Windows systems
[0.153s] INFO:colcon.colcon_core.shell:Skip shell extension 'powershell' for command environment: Not usable outside of PowerShell
[0.153s] DEBUG:colcon.colcon_core.shell:Skip shell extension 'dsv' for command environment
[0.160s] DEBUG:colcon.colcon_core.event_handler.log_command:Invoking command in '/home/hemanth/ws/src/dstar_lite_planner/build/dstar_lite_planner': CMAKE_PREFIX_PATH=/home/hemanth/ws/install/test_:/home/hemanth/ws/install/ros_stm:/home/hemanth/ws/install/octomap_mapper:/home/hemanth/ws/install/l3_desc:/home/hemanth/ws/install/state_estimation:/home/hemanth/ws/install/py_controller:/home/hemanth/ws/install/pratham_reloaded_description:/home/hemanth/ws/install/path_smoothener:/home/hemanth/ws/install/gps_odometry:/opt/ros/humble:/home/hemanth/ws/install/grid_map:/home/hemanth/ws/install/grid_map_demos:/home/hemanth/ws/install/grid_map_visualization:/home/hemanth/ws/install/grid_map_sdf:/home/hemanth/ws/install/grid_map_rviz_plugin:/home/hemanth/ws/install/grid_map_pcl:/home/hemanth/ws/install/grid_map_loader:/home/hemanth/ws/install/grid_map_filters:/home/hemanth/ws/install/grid_map_ros:/home/hemanth/ws/install/grid_map_octomap:/home/hemanth/ws/install/grid_map_msgs:/home/hemanth/ws/install/grid_map_cv:/home/hemanth/ws/install/grid_map_costmap_2d:/home/hemanth/ws/install/grid_map_core:/home/hemanth/ws/install/grid_map_cmake_helpers:/home/hemanth/ws/install/dstar_lite_planner:/home/hemanth/ws/install/bluespace_ai_xsens_mti_driver /usr/bin/cmake /home/hemanth/ws/src/dstar_lite_planner -DCMAKE_INSTALL_PREFIX=/home/hemanth/ws/src/dstar_lite_planner/install/dstar_lite_planner
[1.600s] DEBUG:colcon.colcon_core.event_handler.log_command:Invoked command in '/home/hemanth/ws/src/dstar_lite_planner/build/dstar_lite_planner' returned '0': CMAKE_PREFIX_PATH=/home/hemanth/ws/install/test_:/home/hemanth/ws/install/ros_stm:/home/hemanth/ws/install/octomap_mapper:/home/hemanth/ws/install/l3_desc:/home/hemanth/ws/install/state_estimation:/home/hemanth/ws/install/py_controller:/home/hemanth/ws/install/pratham_reloaded_description:/home/hemanth/ws/install/path_smoothener:/home/hemanth/ws/install/gps_odometry:/opt/ros/humble:/home/hemanth/ws/install/grid_map:/home/hemanth/ws/install/grid_map_demos:/home/hemanth/ws/install/grid_map_visualization:/home/hemanth/ws/install/grid_map_sdf:/home/hemanth/ws/install/grid_map_rviz_plugin:/home/hemanth/ws/install/grid_map_pcl:/home/hemanth/ws/install/grid_map_loader:/home/hemanth/ws/install/grid_map_filters:/home/hemanth/ws/install/grid_map_ros:/home/hemanth/ws/install/grid_map_octomap:/home/hemanth/ws/install/grid_map_msgs:/home/hemanth/ws/install/grid_map_cv:/home/hemanth/ws/install/grid_map_costmap_2d:/home/hemanth/ws/install/grid_map_core:/home/hemanth/ws/install/grid_map_cmake_helpers:/home/hemanth/ws/install/dstar_lite_planner:/home/hemanth/ws/install/bluespace_ai_xsens_mti_driver /usr/bin/cmake /home/hemanth/ws/src/dstar_lite_planner -DCMAKE_INSTALL_PREFIX=/home/hemanth/ws/src/dstar_lite_planner/install/dstar_lite_planner
[1.600s] DEBUG:colcon.colcon_core.event_handler.log_command:Invoking command in '/home/hemanth/ws/src/dstar_lite_planner/build/dstar_lite_planner': CMAKE_PREFIX_PATH=/home/hemanth/ws/install/test_:/home/hemanth/ws/install/ros_stm:/home/hemanth/ws/install/octomap_mapper:/home/hemanth/ws/install/l3_desc:/home/hemanth/ws/install/state_estimation:/home/hemanth/ws/install/py_controller:/home/hemanth/ws/install/pratham_reloaded_description:/home/hemanth/ws/install/path_smoothener:/home/hemanth/ws/install/gps_odometry:/opt/ros/humble:/home/hemanth/ws/install/grid_map:/home/hemanth/ws/install/grid_map_demos:/home/hemanth/ws/install/grid_map_visualization:/home/hemanth/ws/install/grid_map_sdf:/home/hemanth/ws/install/grid_map_rviz_plugin:/home/hemanth/ws/install/grid_map_pcl:/home/hemanth/ws/install/grid_map_loader:/home/hemanth/ws/install/grid_map_filters:/home/hemanth/ws/install/grid_map_ros:/home/hemanth/ws/install/grid_map_octomap:/home/hemanth/ws/install/grid_map_msgs:/home/hemanth/ws/install/grid_map_cv:/home/hemanth/ws/install/grid_map_costmap_2d:/home/hemanth/ws/install/grid_map_core:/home/hemanth/ws/install/grid_map_cmake_helpers:/home/hemanth/ws/install/dstar_lite_planner:/home/hemanth/ws/install/bluespace_ai_xsens_mti_driver /usr/bin/cmake --build /home/hemanth/ws/src/dstar_lite_planner/build/dstar_lite_planner -- -j8 -l8
[12.210s] DEBUG:colcon.colcon_core.event_handler.log_command:Invoked command in '/home/hemanth/ws/src/dstar_lite_planner/build/dstar_lite_planner' returned '0': CMAKE_PREFIX_PATH=/home/hemanth/ws/install/test_:/home/hemanth/ws/install/ros_stm:/home/hemanth/ws/install/octomap_mapper:/home/hemanth/ws/install/l3_desc:/home/hemanth/ws/install/state_estimation:/home/hemanth/ws/install/py_controller:/home/hemanth/ws/install/pratham_reloaded_description:/home/hemanth/ws/install/path_smoothener:/home/hemanth/ws/install/gps_odometry:/opt/ros/humble:/home/hemanth/ws/install/grid_map:/home/hemanth/ws/install/grid_map_demos:/home/hemanth/ws/install/grid_map_visualization:/home/hemanth/ws/install/grid_map_sdf:/home/hemanth/ws/install/grid_map_rviz_plugin:/home/hemanth/ws/install/grid_map_pcl:/home/hemanth/ws/install/grid_map_loader:/home/hemanth/ws/install/grid_map_filters:/home/hemanth/ws/install/grid_map_ros:/home/hemanth/ws/install/grid_map_octomap:/home/hemanth/ws/install/grid_map_msgs:/home/hemanth/ws/install/grid_map_cv:/home/hemanth/ws/install/grid_map_costmap_2d:/home/hemanth/ws/install/grid_map_core:/home/hemanth/ws/install/grid_map_cmake_helpers:/home/hemanth/ws/install/dstar_lite_planner:/home/hemanth/ws/install/bluespace_ai_xsens_mti_driver /usr/bin/cmake --build /home/hemanth/ws/src/dstar_lite_planner/build/dstar_lite_planner -- -j8 -l8
[12.247s] DEBUG:colcon.colcon_core.event_handler.log_command:Invoking command in '/home/hemanth/ws/src/dstar_lite_planner/build/dstar_lite_planner': CMAKE_PREFIX_PATH=/home/hemanth/ws/install/test_:/home/hemanth/ws/install/ros_stm:/home/hemanth/ws/install/octomap_mapper:/home/hemanth/ws/install/l3_desc:/home/hemanth/ws/install/state_estimation:/home/hemanth/ws/install/py_controller:/home/hemanth/ws/install/pratham_reloaded_description:/home/hemanth/ws/install/path_smoothener:/home/hemanth/ws/install/gps_odometry:/opt/ros/humble:/home/hemanth/ws/install/grid_map:/home/hemanth/ws/install/grid_map_demos:/home/hemanth/ws/install/grid_map_visualization:/home/hemanth/ws/install/grid_map_sdf:/home/hemanth/ws/install/grid_map_rviz_plugin:/home/hemanth/ws/install/grid_map_pcl:/home/hemanth/ws/install/grid_map_loader:/home/hemanth/ws/install/grid_map_filters:/home/hemanth/ws/install/grid_map_ros:/home/hemanth/ws/install/grid_map_octomap:/home/hemanth/ws/install/grid_map_msgs:/home/hemanth/ws/install/grid_map_cv:/home/hemanth/ws/install/grid_map_costmap_2d:/home/hemanth/ws/install/grid_map_core:/home/hemanth/ws/install/grid_map_cmake_helpers:/home/hemanth/ws/install/dstar_lite_planner:/home/hemanth/ws/install/bluespace_ai_xsens_mti_driver /usr/bin/cmake --install /home/hemanth/ws/src/dstar_lite_planner/build/dstar_lite_planner
[12.263s] Level 1:colcon.colcon_core.environment:create_environment_scripts_only(dstar_lite_planner)
[12.263s] DEBUG:colcon.colcon_core.event_handler.log_command:Invoked command in '/home/hemanth/ws/src/dstar_lite_planner/build/dstar_lite_planner' returned '0': CMAKE_PREFIX_PATH=/home/hemanth/ws/install/test_:/home/hemanth/ws/install/ros_stm:/home/hemanth/ws/install/octomap_mapper:/home/hemanth/ws/install/l3_desc:/home/hemanth/ws/install/state_estimation:/home/hemanth/ws/install/py_controller:/home/hemanth/ws/install/pratham_reloaded_description:/home/hemanth/ws/install/path_smoothener:/home/hemanth/ws/install/gps_odometry:/opt/ros/humble:/home/hemanth/ws/install/grid_map:/home/hemanth/ws/install/grid_map_demos:/home/hemanth/ws/install/grid_map_visualization:/home/hemanth/ws/install/grid_map_sdf:/home/hemanth/ws/install/grid_map_rviz_plugin:/home/hemanth/ws/install/grid_map_pcl:/home/hemanth/ws/install/grid_map_loader:/home/hemanth/ws/install/grid_map_filters:/home/hemanth/ws/install/grid_map_ros:/home/hemanth/ws/install/grid_map_octomap:/home/hemanth/ws/install/grid_map_msgs:/home/hemanth/ws/install/grid_map_cv:/home/hemanth/ws/install/grid_map_costmap_2d:/home/hemanth/ws/install/grid_map_core:/home/hemanth/ws/install/grid_map_cmake_helpers:/home/hemanth/ws/install/dstar_lite_planner:/home/hemanth/ws/install/bluespace_ai_xsens_mti_driver /usr/bin/cmake --install /home/hemanth/ws/src/dstar_lite_planner/build/dstar_lite_planner
[12.264s] Level 1:colcon.colcon_core.environment:checking '/home/hemanth/ws/src/dstar_lite_planner/install/dstar_lite_planner' for CMake module files
[12.265s] Level 1:colcon.colcon_core.environment:checking '/home/hemanth/ws/src/dstar_lite_planner/install/dstar_lite_planner' for CMake config files
[12.265s] Level 1:colcon.colcon_core.shell:create_environment_hook('dstar_lite_planner', 'cmake_prefix_path')
[12.265s] INFO:colcon.colcon_core.shell:Creating environment hook '/home/hemanth/ws/src/dstar_lite_planner/install/dstar_lite_planner/share/dstar_lite_planner/hook/cmake_prefix_path.ps1'
[12.265s] INFO:colcon.colcon_core.shell:Creating environment descriptor '/home/hemanth/ws/src/dstar_lite_planner/install/dstar_lite_planner/share/dstar_lite_planner/hook/cmake_prefix_path.dsv'
[12.266s] INFO:colcon.colcon_core.shell:Creating environment hook '/home/hemanth/ws/src/dstar_lite_planner/install/dstar_lite_planner/share/dstar_lite_planner/hook/cmake_prefix_path.sh'
[12.266s] Level 1:colcon.colcon_core.environment:checking '/home/hemanth/ws/src/dstar_lite_planner/install/dstar_lite_planner/lib'
[12.266s] Level 1:colcon.colcon_core.environment:checking '/home/hemanth/ws/src/dstar_lite_planner/install/dstar_lite_planner/bin'
[12.266s] Level 1:colcon.colcon_core.environment:checking '/home/hemanth/ws/src/dstar_lite_planner/install/dstar_lite_planner/lib/pkgconfig/dstar_lite_planner.pc'
[12.267s] Level 1:colcon.colcon_core.environment:checking '/home/hemanth/ws/src/dstar_lite_planner/install/dstar_lite_planner/lib/python3.10/site-packages'
[12.267s] Level 1:colcon.colcon_core.environment:checking '/home/hemanth/ws/src/dstar_lite_planner/install/dstar_lite_planner/bin'
[12.267s] INFO:colcon.colcon_core.shell:Creating package script '/home/hemanth/ws/src/dstar_lite_planner/install/dstar_lite_planner/share/dstar_lite_planner/package.ps1'
[12.267s] INFO:colcon.colcon_core.shell:Creating package descriptor '/home/hemanth/ws/src/dstar_lite_planner/install/dstar_lite_planner/share/dstar_lite_planner/package.dsv'
[12.268s] INFO:colcon.colcon_core.shell:Creating package script '/home/hemanth/ws/src/dstar_lite_planner/install/dstar_lite_planner/share/dstar_lite_planner/package.sh'
[12.268s] INFO:colcon.colcon_core.shell:Creating package script '/home/hemanth/ws/src/dstar_lite_planner/install/dstar_lite_planner/share/dstar_lite_planner/package.bash'
[12.269s] INFO:colcon.colcon_core.shell:Creating package script '/home/hemanth/ws/src/dstar_lite_planner/install/dstar_lite_planner/share/dstar_lite_planner/package.zsh'
[12.269s] Level 1:colcon.colcon_core.environment:create_file_with_runtime_dependencies(/home/hemanth/ws/src/dstar_lite_planner/install/dstar_lite_planner/share/colcon-core/packages/dstar_lite_planner)
[12.298s] Level 1:colcon.colcon_core.environment:create_environment_scripts_only(dstar_lite_planner)
[12.298s] Level 1:colcon.colcon_core.environment:checking '/home/hemanth/ws/src/dstar_lite_planner/install/dstar_lite_planner' for CMake module files
[12.299s] Level 1:colcon.colcon_core.environment:checking '/home/hemanth/ws/src/dstar_lite_planner/install/dstar_lite_planner' for CMake config files
[12.299s] Level 1:colcon.colcon_core.shell:create_environment_hook('dstar_lite_planner', 'cmake_prefix_path')
[12.299s] INFO:colcon.colcon_core.shell:Creating environment hook '/home/hemanth/ws/src/dstar_lite_planner/install/dstar_lite_planner/share/dstar_lite_planner/hook/cmake_prefix_path.ps1'
[12.300s] INFO:colcon.colcon_core.shell:Creating environment descriptor '/home/hemanth/ws/src/dstar_lite_planner/install/dstar_lite_planner/share/dstar_lite_planner/hook/cmake_prefix_path.dsv'
[12.300s] INFO:colcon.colcon_core.shell:Creating environment hook '/home/hemanth/ws/src/dstar_lite_planner/install/dstar_lite_planner/share/dstar_lite_planner/hook/cmake_prefix_path.sh'
[12.300s] Level 1:colcon.colcon_core.environment:checking '/home/hemanth/ws/src/dstar_lite_planner/install/dstar_lite_planner/lib'
[12.301s] Level 1:colcon.colcon_core.environment:checking '/home/hemanth/ws/src/dstar_lite_planner/install/dstar_lite_planner/bin'
[12.301s] Level 1:colcon.colcon_core.environment:checking '/home/hemanth/ws/src/dstar_lite_planner/install/dstar_lite_planner/lib/pkgconfig/dstar_lite_planner.pc'
[12.301s] Level 1:colcon.colcon_core.environment:checking '/home/hemanth/ws/src/dstar_lite_planner/install/dstar_lite_planner/lib/python3.10/site-packages'
[12.301s] Level 1:colcon.colcon_core.environment:checking '/home/hemanth/ws/src/dstar_lite_planner/install/dstar_lite_planner/bin'
[12.301s] INFO:colcon.colcon_core.shell:Creating package script '/home/hemanth/ws/src/dstar_lite_planner/install/dstar_lite_planner/share/dstar_lite_planner/package.ps1'
[12.302s] INFO:colcon.colcon_core.shell:Creating package descriptor '/home/hemanth/ws/src/dstar_lite_planner/install/dstar_lite_planner/share/dstar_lite_planner/package.dsv'
[12.302s] INFO:colcon.colcon_core.shell:Creating package script '/home/hemanth/ws/src/dstar_lite_planner/install/dstar_lite_planner/share/dstar_lite_planner/package.sh'
[12.303s] INFO:colcon.colcon_core.shell:Creating package script '/home/hemanth/ws/src/dstar_lite_planner/install/dstar_lite_planner/share/dstar_lite_planner/package.bash'
[12.303s] INFO:colcon.colcon_core.shell:Creating package script '/home/hemanth/ws/src/dstar_lite_planner/install/dstar_lite_planner/share/dstar_lite_planner/package.zsh'
[12.303s] Level 1:colcon.colcon_core.environment:create_file_with_runtime_dependencies(/home/hemanth/ws/src/dstar_lite_planner/install/dstar_lite_planner/share/colcon-core/packages/dstar_lite_planner)
[12.304s] DEBUG:colcon.colcon_parallel_executor.executor.parallel:closing loop
[12.304s] DEBUG:colcon.colcon_parallel_executor.executor.parallel:loop closed
[12.304s] DEBUG:colcon.colcon_parallel_executor.executor.parallel:run_until_complete finished with '0'
[12.304s] DEBUG:colcon.colcon_core.event_reactor:joining thread
[12.308s] INFO:colcon.colcon_core.plugin_system:Skipping extension 'colcon_notification.desktop_notification.terminal_notifier': Not used on non-Darwin systems
[12.308s] INFO:colcon.colcon_core.plugin_system:Skipping extension 'colcon_notification.desktop_notification.win32': Not used on non-Windows systems
[12.308s] INFO:colcon.colcon_notification.desktop_notification:Sending desktop notification using 'notify2'
[12.318s] DEBUG:colcon.colcon_core.event_reactor:joined thread
[12.318s] INFO:colcon.colcon_core.shell:Creating prefix script '/home/hemanth/ws/src/dstar_lite_planner/install/local_setup.ps1'
[12.319s] INFO:colcon.colcon_core.shell:Creating prefix util module '/home/hemanth/ws/src/dstar_lite_planner/install/_local_setup_util_ps1.py'
[12.320s] INFO:colcon.colcon_core.shell:Creating prefix chain script '/home/hemanth/ws/src/dstar_lite_planner/install/setup.ps1'
[12.321s] INFO:colcon.colcon_core.shell:Creating prefix script '/home/hemanth/ws/src/dstar_lite_planner/install/local_setup.sh'
[12.322s] INFO:colcon.colcon_core.shell:Creating prefix util module '/home/hemanth/ws/src/dstar_lite_planner/install/_local_setup_util_sh.py'
[12.322s] INFO:colcon.colcon_core.shell:Creating prefix chain script '/home/hemanth/ws/src/dstar_lite_planner/install/setup.sh'
[12.323s] INFO:colcon.colcon_core.shell:Creating prefix script '/home/hemanth/ws/src/dstar_lite_planner/install/local_setup.bash'
[12.324s] INFO:colcon.colcon_core.shell:Creating prefix chain script '/home/hemanth/ws/src/dstar_lite_planner/install/setup.bash'
[12.325s] INFO:colcon.colcon_core.shell:Creating prefix script '/home/hemanth/ws/src/dstar_lite_planner/install/local_setup.zsh'
[12.325s] INFO:colcon.colcon_core.shell:Creating prefix chain script '/home/hemanth/ws/src/dstar_lite_planner/install/setup.zsh'
